<?xml version="1.0" encoding="UTF-8"?>
<!-- Generated by org.testng.reporters.JUnitXMLReporter -->
<testsuite ignored="0" hostname="akash-pc" failures="0" tests="4" name="Lmeter Feature test" time="24.546" errors="0" timestamp="26 Jun 2019 06:30:30 GMT">
  <testcase classname="com.crm.qa.testcases.LoginPageTest" name="logintesting" time="1.055"/>
  <testcase classname="com.crm.qa.testcases.LoginPageTest" name="logintesting" time="1.535"/>
  <testcase classname="com.crm.qa.testcases.LoginPageTest" name="logintesting" time="0.694"/>
  <testcase classname="com.crm.qa.testcases.LoginPageTest" name="logintesting" time="0.779"/>
</testsuite> <!-- Lmeter Feature test -->
